<?xml version="1.0" encoding="UTF-8"?>
<!-- Generated by org.testng.reporters.JUnitXMLReporter -->
<testsuite hostname="desktop-idris" ignored="0" name="C:/Users/idris/Desktop/NewMaven/com.inar-academy-new-maven/Homework/src/test/java/org/inar/automationexercise" tests="113" failures="0" timestamp="24 Jan 2023 18:34:49 GMT" time="0.189" errors="0">
  <testcase name="@BeforeSuite setUpSuite" time="0.127" classname="org.inar.automationexercise.TestCase_05">
    <failure type="org.openqa.selenium.NoSuchWindowException" message="no such window: target window already closed
from unknown error: web view not found
  (Session info: chrome=109.0.5414.75)
Build info: version: &amp;apos;3.141.59&amp;apos;, revision: &amp;apos;e82be7d358&amp;apos;, time: &amp;apos;2018-11-14T08:17:03&amp;apos;
System info: host: &amp;apos;DESKTOP-IDRIS&amp;apos;, ip: &amp;apos;192.168.1.103&amp;apos;, os.name: &amp;apos;Windows 10&amp;apos;, os.arch: &amp;apos;amd64&amp;apos;, os.version: &amp;apos;10.0&amp;apos;, java.version: &amp;apos;1.8.0_202&amp;apos;
Driver info: org.openqa.selenium.chrome.ChromeDriver
Capabilities {acceptInsecureCerts: false, browserName: chrome, browserVersion: 109.0.5414.75, chrome: {chromedriverVersion: 109.0.5414.74 (e7c5703604da..., userDataDir: C:\Users\idris\AppData\Loca...}, goog:chromeOptions: {debuggerAddress: localhost:54155}, javascriptEnabled: true, networkConnectionEnabled: false, pageLoadStrategy: normal, platform: WINDOWS, platformName: WINDOWS, proxy: Proxy(), setWindowRect: true, strictFileInteractability: false, timeouts: {implicit: 0, pageLoad: 300000, script: 30000}, unhandledPromptBehavior: dismiss and notify, webauthn:extension:credBlob: true, webauthn:extension:largeBlob: true, webauthn:virtualAuthenticators: true}
Session ID: 591ff41a732d7cc4011007e35d0cbc20">
      <![CDATA[org.openqa.selenium.NoSuchWindowException: no such window: target window already closed
from unknown error: web view not found
  (Session info: chrome=109.0.5414.75)
Build info: version: '3.141.59', revision: 'e82be7d358', time: '2018-11-14T08:17:03'
System info: host: 'DESKTOP-IDRIS', ip: '192.168.1.103', os.name: 'Windows 10', os.arch: 'amd64', os.version: '10.0', java.version: '1.8.0_202'
Driver info: org.openqa.selenium.chrome.ChromeDriver
Capabilities {acceptInsecureCerts: false, browserName: chrome, browserVersion: 109.0.5414.75, chrome: {chromedriverVersion: 109.0.5414.74 (e7c5703604da..., userDataDir: C:\Users\idris\AppData\Loca...}, goog:chromeOptions: {debuggerAddress: localhost:54155}, javascriptEnabled: true, networkConnectionEnabled: false, pageLoadStrategy: normal, platform: WINDOWS, platformName: WINDOWS, proxy: Proxy(), setWindowRect: true, strictFileInteractability: false, timeouts: {implicit: 0, pageLoad: 300000, script: 30000}, unhandledPromptBehavior: dismiss and notify, webauthn:extension:credBlob: true, webauthn:extension:largeBlob: true, webauthn:virtualAuthenticators: true}
Session ID: 591ff41a732d7cc4011007e35d0cbc20
at sun.reflect.NativeConstructorAccessorImpl.newInstance0(Native Method)
at sun.reflect.NativeConstructorAccessorImpl.newInstance(NativeConstructorAccessorImpl.java:62)
at sun.reflect.DelegatingConstructorAccessorImpl.newInstance(DelegatingConstructorAccessorImpl.java:45)
at java.lang.reflect.Constructor.newInstance(Constructor.java:423)
at org.openqa.selenium.remote.http.W3CHttpResponseCodec.createException(W3CHttpResponseCodec.java:187)
at org.openqa.selenium.remote.http.W3CHttpResponseCodec.decode(W3CHttpResponseCodec.java:122)
at org.openqa.selenium.remote.http.W3CHttpResponseCodec.decode(W3CHttpResponseCodec.java:49)
at org.openqa.selenium.remote.HttpCommandExecutor.execute(HttpCommandExecutor.java:158)
at org.openqa.selenium.remote.service.DriverCommandExecutor.execute(DriverCommandExecutor.java:83)
at org.openqa.selenium.remote.RemoteWebDriver.execute(RemoteWebDriver.java:552)
at org.openqa.selenium.remote.RemoteWebDriver.get(RemoteWebDriver.java:277)
at org.inar.automationexercise.TestCase_05.setUpSuite(TestCase_05.java:19)
at sun.reflect.NativeMethodAccessorImpl.invoke0(Native Method)
at sun.reflect.NativeMethodAccessorImpl.invoke(NativeMethodAccessorImpl.java:62)
at sun.reflect.DelegatingMethodAccessorImpl.invoke(DelegatingMethodAccessorImpl.java:43)
at java.lang.reflect.Method.invoke(Method.java:498)
at org.testng.internal.MethodInvocationHelper.invokeMethod(MethodInvocationHelper.java:124)
at org.testng.internal.MethodInvocationHelper.invokeMethodConsideringTimeout(MethodInvocationHelper.java:59)
at org.testng.internal.Invoker.invokeConfigurationMethod(Invoker.java:458)
at org.testng.internal.Invoker.invokeConfigurations(Invoker.java:222)
at org.testng.internal.Invoker.invokeConfigurations(Invoker.java:142)
at org.testng.SuiteRunner.privateRun(SuiteRunner.java:401)
at org.testng.SuiteRunner.run(SuiteRunner.java:364)
at org.testng.SuiteRunnerWorker.runSuite(SuiteRunnerWorker.java:52)
at org.testng.SuiteRunnerWorker.run(SuiteRunnerWorker.java:84)
at org.testng.TestNG.runSuitesSequentially(TestNG.java:1208)
at org.testng.TestNG.runSuitesLocally(TestNG.java:1137)
at org.testng.TestNG.runSuites(TestNG.java:1049)
at org.testng.TestNG.run(TestNG.java:1017)
at org.apache.maven.surefire.testng.TestNGExecutor.run(TestNGExecutor.java:324)
at org.apache.maven.surefire.testng.TestNGXmlTestSuite.execute(TestNGXmlTestSuite.java:74)
at org.apache.maven.surefire.testng.TestNGProvider.invoke(TestNGProvider.java:123)
at org.apache.maven.surefire.booter.ForkedBooter.runSuitesInProcess(ForkedBooter.java:456)
at org.apache.maven.surefire.booter.ForkedBooter.execute(ForkedBooter.java:169)
at org.apache.maven.surefire.booter.ForkedBooter.run(ForkedBooter.java:595)
at org.apache.maven.surefire.booter.ForkedBooter.main(ForkedBooter.java:581)
]]>
    </failure>
  </testcase> <!-- @BeforeSuite setUpSuite -->
  <testcase name="@BeforeSuite setUpSuite" time="0.0" classname="org.inar.automationexercise.TestCase_06">
    <skipped/>
  </testcase> <!-- @BeforeSuite setUpSuite -->
  <testcase name="@BeforeSuite setUpSuite" time="0.0" classname="org.inar.automationexercise.TestCase_07">
    <skipped/>
  </testcase> <!-- @BeforeSuite setUpSuite -->
  <testcase name="@BeforeSuite setUpSuite" time="0.0" classname="org.inar.automationexercise.TestCase_08">
    <skipped/>
  </testcase> <!-- @BeforeSuite setUpSuite -->
  <testcase name="@BeforeSuite setUpSuite" time="0.0" classname="org.inar.automationexercise.TestCase_09">
    <skipped/>
  </testcase> <!-- @BeforeSuite setUpSuite -->
  <testcase name="@BeforeSuite setUpSuite" time="0.0" classname="org.inar.automationexercise.TestCase_10">
    <skipped/>
  </testcase> <!-- @BeforeSuite setUpSuite -->
  <testcase name="@BeforeSuite setUpSuite" time="0.0" classname="org.inar.automationexercise.TestCase_11">
    <skipped/>
  </testcase> <!-- @BeforeSuite setUpSuite -->
  <testcase name="@BeforeSuite setUpSuite" time="0.0" classname="org.inar.automationexercise.TestCase_12">
    <skipped/>
  </testcase> <!-- @BeforeSuite setUpSuite -->
  <testcase name="@BeforeSuite setUpSuite" time="0.0" classname="org.inar.automationexercise.TestCase_13">
    <skipped/>
  </testcase> <!-- @BeforeSuite setUpSuite -->
  <testcase name="@BeforeSuite setUpSuite" time="0.0" classname="org.inar.automationexercise.TestCase_14">
    <skipped/>
  </testcase> <!-- @BeforeSuite setUpSuite -->
  <testcase name="@BeforeSuite setUpSuite" time="0.0" classname="org.inar.automationexercise.TestCase_15">
    <skipped/>
  </testcase> <!-- @BeforeSuite setUpSuite -->
  <testcase name="@BeforeSuite setUpSuite" time="0.0" classname="org.inar.automationexercise.TestCase_16">
    <skipped/>
  </testcase> <!-- @BeforeSuite setUpSuite -->
  <testcase name="@BeforeSuite setUpSuite" time="0.0" classname="org.inar.automationexercise.TestCase_17">
    <skipped/>
  </testcase> <!-- @BeforeSuite setUpSuite -->
  <testcase name="@BeforeSuite setUpSuite" time="0.0" classname="org.inar.automationexercise.TestCase_18">
    <skipped/>
  </testcase> <!-- @BeforeSuite setUpSuite -->
  <testcase name="@BeforeSuite setUpSuite" time="0.0" classname="org.inar.automationexercise.TestCase_19">
    <skipped/>
  </testcase> <!-- @BeforeSuite setUpSuite -->
  <testcase name="@BeforeSuite setUpSuite" time="0.0" classname="org.inar.automationexercise.TestCase_20">
    <skipped/>
  </testcase> <!-- @BeforeSuite setUpSuite -->
  <testcase name="@BeforeSuite setUpSuite" time="0.0" classname="org.inar.automationexercise.TestCase_21">
    <skipped/>
  </testcase> <!-- @BeforeSuite setUpSuite -->
  <testcase name="@BeforeSuite setUpSuite" time="0.0" classname="org.inar.automationexercise.TestCase_22">
    <skipped/>
  </testcase> <!-- @BeforeSuite setUpSuite -->
  <testcase name="@BeforeSuite setUpSuite" time="0.0" classname="org.inar.automationexercise.TestCase_23">
    <skipped/>
  </testcase> <!-- @BeforeSuite setUpSuite -->
  <testcase name="@BeforeSuite setUpSuite" time="0.0" classname="org.inar.automationexercise.TestCase_24">
    <skipped/>
  </testcase> <!-- @BeforeSuite setUpSuite -->
  <testcase name="@BeforeSuite setUpSuite" time="0.0" classname="org.inar.automationexercise.TestCase_25">
    <skipped/>
  </testcase> <!-- @BeforeSuite setUpSuite -->
  <testcase name="@BeforeSuite setUpSuite" time="0.0" classname="org.inar.automationexercise.TestCase_26">
    <skipped/>
  </testcase> <!-- @BeforeSuite setUpSuite -->
  <testcase name="verifyHomePageIsVisible" time="0.0" classname="org.inar.automationexercise.TestCase_01">
    <skipped/>
  </testcase> <!-- verifyHomePageIsVisible -->
  <testcase name="verifyNewUserSignupVisible" time="0.0" classname="org.inar.automationexercise.TestCase_01">
    <skipped/>
  </testcase> <!-- verifyNewUserSignupVisible -->
  <testcase name="verifyThatEnterAccountInformationIsVisible" time="0.0" classname="org.inar.automationexercise.TestCase_01">
    <skipped/>
  </testcase> <!-- verifyThatEnterAccountInformationIsVisible -->
  <testcase name="verifyThatAccountCreatedIsVisible" time="0.0" classname="org.inar.automationexercise.TestCase_01">
    <skipped/>
  </testcase> <!-- verifyThatAccountCreatedIsVisible -->
  <testcase name="verifyThatLoggedInAsUsernameIsVisible" time="0.0" classname="org.inar.automationexercise.TestCase_01">
    <skipped/>
  </testcase> <!-- verifyThatLoggedInAsUsernameIsVisible -->
  <testcase name="verifyThatAccountDeletedIsVisible" time="0.0" classname="org.inar.automationexercise.TestCase_01">
    <skipped/>
  </testcase> <!-- verifyThatAccountDeletedIsVisible -->
  <testcase name="verifyHomePageIsVisible" time="0.0" classname="org.inar.automationexercise.TestCase_02">
    <skipped/>
  </testcase> <!-- verifyHomePageIsVisible -->
  <testcase name="goToLoginSingUpPage" time="0.0" classname="org.inar.automationexercise.TestCase_02">
    <skipped/>
  </testcase> <!-- goToLoginSingUpPage -->
  <testcase name="verifyThatLoggedInAsUsernameIsVisible" time="0.0" classname="org.inar.automationexercise.TestCase_02">
    <skipped/>
  </testcase> <!-- verifyThatLoggedInAsUsernameIsVisible -->
  <testcase name="verifyThatAccountDeletedIsVisible" time="0.0" classname="org.inar.automationexercise.TestCase_02">
    <skipped/>
  </testcase> <!-- verifyThatAccountDeletedIsVisible -->
  <testcase name="verifyHomePageIsVisible" time="0.0" classname="org.inar.automationexercise.TestCase_03">
    <skipped/>
  </testcase> <!-- verifyHomePageIsVisible -->
  <testcase name="verifyThatLoginToYourAccountIsVisible" time="0.0" classname="org.inar.automationexercise.TestCase_03">
    <skipped/>
  </testcase> <!-- verifyThatLoginToYourAccountIsVisible -->
  <testcase name="verifyErrorYourEmailOrPasswordIsIncorrectIsVisible" time="0.0" classname="org.inar.automationexercise.TestCase_03">
    <skipped/>
  </testcase> <!-- verifyErrorYourEmailOrPasswordIsIncorrectIsVisible -->
  <testcase name="verifyHomePageIsVisible" time="0.0" classname="org.inar.automationexercise.TestCase_04">
    <skipped/>
  </testcase> <!-- verifyHomePageIsVisible -->
  <testcase name="verifyThatLoginToYourAccountIsVisible" time="0.0" classname="org.inar.automationexercise.TestCase_04">
    <skipped/>
  </testcase> <!-- verifyThatLoginToYourAccountIsVisible -->
  <testcase name="verifyThatLoggedInAsUsernameIsVisible" time="0.0" classname="org.inar.automationexercise.TestCase_04">
    <skipped/>
  </testcase> <!-- verifyThatLoggedInAsUsernameIsVisible -->
  <testcase name="verifyThatUserIsNavigatedToLoginPage" time="0.0" classname="org.inar.automationexercise.TestCase_04">
    <skipped/>
  </testcase> <!-- verifyThatUserIsNavigatedToLoginPage -->
  <testcase name="verifyHomePageIsVisible" time="0.0" classname="org.inar.automationexercise.TestCase_05">
    <skipped/>
  </testcase> <!-- verifyHomePageIsVisible -->
  <testcase name="verifyNewUserSignupIsVisible" time="0.0" classname="org.inar.automationexercise.TestCase_05">
    <skipped/>
  </testcase> <!-- verifyNewUserSignupIsVisible -->
  <testcase name="verifyErrorEmailAddressAlreadyExistIsVisible" time="0.0" classname="org.inar.automationexercise.TestCase_05">
    <skipped/>
  </testcase> <!-- verifyErrorEmailAddressAlreadyExistIsVisible -->
  <testcase name="verifyHomePageIsVisible" time="0.0" classname="org.inar.automationexercise.TestCase_06">
    <skipped/>
  </testcase> <!-- verifyHomePageIsVisible -->
  <testcase name="verifyGetInTouchIsVisible" time="0.0" classname="org.inar.automationexercise.TestCase_06">
    <skipped/>
  </testcase> <!-- verifyGetInTouchIsVisible -->
  <testcase name="verifySuccessMessageSuccessYourDetailsHaveBeenSubmittedSuccessfullyIsVisible" time="0.0" classname="org.inar.automationexercise.TestCase_06">
    <skipped/>
  </testcase> <!-- verifySuccessMessageSuccessYourDetailsHaveBeenSubmittedSuccessfullyIsVisible -->
  <testcase name="verifyHomePageIsVisible2" time="0.0" classname="org.inar.automationexercise.TestCase_06">
    <skipped/>
  </testcase> <!-- verifyHomePageIsVisible2 -->
  <testcase name="verifyHomePageIsVisible" time="0.0" classname="org.inar.automationexercise.TestCase_07">
    <skipped/>
  </testcase> <!-- verifyHomePageIsVisible -->
  <testcase name="verifyUserIsNavigatedToTestCasesPageSuccessfully" time="0.0" classname="org.inar.automationexercise.TestCase_07">
    <skipped/>
  </testcase> <!-- verifyUserIsNavigatedToTestCasesPageSuccessfully -->
  <testcase name="verifyHomePageIsVisible" time="0.0" classname="org.inar.automationexercise.TestCase_08">
    <skipped/>
  </testcase> <!-- verifyHomePageIsVisible -->
  <testcase name="verifyUserIsNavigatedToAllProductsPageSuccessfully" time="0.0" classname="org.inar.automationexercise.TestCase_08">
    <skipped/>
  </testcase> <!-- verifyUserIsNavigatedToAllProductsPageSuccessfully -->
  <testcase name="verifyThatDetailsAreVisible" time="0.0" classname="org.inar.automationexercise.TestCase_08">
    <skipped/>
  </testcase> <!-- verifyThatDetailsAreVisible -->
  <testcase name="verifyHomePageIsVisible" time="0.0" classname="org.inar.automationexercise.TestCase_09">
    <skipped/>
  </testcase> <!-- verifyHomePageIsVisible -->
  <testcase name="verifyUserIsNavigatedToAllProductsPageSuccessfully" time="0.0" classname="org.inar.automationexercise.TestCase_09">
    <skipped/>
  </testcase> <!-- verifyUserIsNavigatedToAllProductsPageSuccessfully -->
  <testcase name="verifySearchedProductsIsVisible" time="0.0" classname="org.inar.automationexercise.TestCase_09">
    <skipped/>
  </testcase> <!-- verifySearchedProductsIsVisible -->
  <testcase name="verifyAllTheProductsRelatedToSearchAreVisible" time="0.0" classname="org.inar.automationexercise.TestCase_09">
    <skipped/>
  </testcase> <!-- verifyAllTheProductsRelatedToSearchAreVisible -->
  <testcase name="verifyHomePageIsVisible" time="0.0" classname="org.inar.automationexercise.TestCase_10">
    <skipped/>
  </testcase> <!-- verifyHomePageIsVisible -->
  <testcase name="verifyTextSubscription" time="0.0" classname="org.inar.automationexercise.TestCase_10">
    <skipped/>
  </testcase> <!-- verifyTextSubscription -->
  <testcase name="verifySuccessMessageYouHaveBeenSuccessfullySubscribedIsVisible" time="0.0" classname="org.inar.automationexercise.TestCase_10">
    <skipped/>
  </testcase> <!-- verifySuccessMessageYouHaveBeenSuccessfullySubscribedIsVisible -->
  <testcase name="verifyHomePageIsVisible" time="0.0" classname="org.inar.automationexercise.TestCase_11">
    <skipped/>
  </testcase> <!-- verifyHomePageIsVisible -->
  <testcase name="verifyTextSubscription" time="0.0" classname="org.inar.automationexercise.TestCase_11">
    <skipped/>
  </testcase> <!-- verifyTextSubscription -->
  <testcase name="verifySuccessMessageYouHaveBeenSuccessfullySubscribedIsVisible" time="0.0" classname="org.inar.automationexercise.TestCase_11">
    <skipped/>
  </testcase> <!-- verifySuccessMessageYouHaveBeenSuccessfullySubscribedIsVisible -->
  <testcase name="verifyHomePageIsVisible" time="0.0" classname="org.inar.automationexercise.TestCase_12">
    <skipped/>
  </testcase> <!-- verifyHomePageIsVisible -->
  <testcase name="verifyBothProductsAreAddedToCart" time="0.0" classname="org.inar.automationexercise.TestCase_12">
    <skipped/>
  </testcase> <!-- verifyBothProductsAreAddedToCart -->
  <testcase name="verifyTheirPricesQuantityAndTotalPrice" time="0.0" classname="org.inar.automationexercise.TestCase_12">
    <skipped/>
  </testcase> <!-- verifyTheirPricesQuantityAndTotalPrice -->
  <testcase name="verifyHomePageIsVisible" time="0.0" classname="org.inar.automationexercise.TestCase_13">
    <skipped/>
  </testcase> <!-- verifyHomePageIsVisible -->
  <testcase name="verifyProductDetailIsOpened" time="0.0" classname="org.inar.automationexercise.TestCase_13">
    <skipped/>
  </testcase> <!-- verifyProductDetailIsOpened -->
  <testcase name="verifyThatProductIsDisplayedInCartPageWithExactQuantity" time="0.0" classname="org.inar.automationexercise.TestCase_13">
    <skipped/>
  </testcase> <!-- verifyThatProductIsDisplayedInCartPageWithExactQuantity -->
  <testcase name="verifyHomePageIsVisible" time="0.0" classname="org.inar.automationexercise.TestCase_14">
    <skipped/>
  </testcase> <!-- verifyHomePageIsVisible -->
  <testcase name="verifyThatCartPageIsDisplayed" time="0.0" classname="org.inar.automationexercise.TestCase_14">
    <skipped/>
  </testcase> <!-- verifyThatCartPageIsDisplayed -->
  <testcase name="verifyAccountCreatedAndClickContinueButton" time="0.0" classname="org.inar.automationexercise.TestCase_14">
    <skipped/>
  </testcase> <!-- verifyAccountCreatedAndClickContinueButton -->
  <testcase name="verifyLoggedInAsUsernameAtTop" time="0.0" classname="org.inar.automationexercise.TestCase_14">
    <skipped/>
  </testcase> <!-- verifyLoggedInAsUsernameAtTop -->
  <testcase name="verifyAddressDetailsAndReviewYourOrder" time="0.0" classname="org.inar.automationexercise.TestCase_14">
    <skipped/>
  </testcase> <!-- verifyAddressDetailsAndReviewYourOrder -->
  <testcase name="verifySuccessMessageOurOrderHasBeenPlacedSuccessfully" time="0.0" classname="org.inar.automationexercise.TestCase_14">
    <skipped/>
  </testcase> <!-- verifySuccessMessageOurOrderHasBeenPlacedSuccessfully -->
  <testcase name="verifyACCOUNTDELETEDAndClickContinueButton" time="0.0" classname="org.inar.automationexercise.TestCase_14">
    <skipped/>
  </testcase> <!-- verifyACCOUNTDELETEDAndClickContinueButton -->
  <testcase name="verifyHomePageIsVisible" time="0.0" classname="org.inar.automationexercise.TestCase_15">
    <skipped/>
  </testcase> <!-- verifyHomePageIsVisible -->
  <testcase name="verifyAccountCreatedAndClickContinueButton" time="0.0" classname="org.inar.automationexercise.TestCase_15">
    <skipped/>
  </testcase> <!-- verifyAccountCreatedAndClickContinueButton -->
  <testcase name="verifyLoggedInAsUsernameAtTop" time="0.0" classname="org.inar.automationexercise.TestCase_15">
    <skipped/>
  </testcase> <!-- verifyLoggedInAsUsernameAtTop -->
  <testcase name="verifyThatCartPageIsDisplayed" time="0.0" classname="org.inar.automationexercise.TestCase_15">
    <skipped/>
  </testcase> <!-- verifyThatCartPageIsDisplayed -->
  <testcase name="verifyAddressDetailsAndReviewYourOrder" time="0.0" classname="org.inar.automationexercise.TestCase_15">
    <skipped/>
  </testcase> <!-- verifyAddressDetailsAndReviewYourOrder -->
  <testcase name="verifySuccessMessageOurOrderHasBeenPlacedSuccessfully" time="0.0" classname="org.inar.automationexercise.TestCase_15">
    <skipped/>
  </testcase> <!-- verifySuccessMessageOurOrderHasBeenPlacedSuccessfully -->
  <testcase name="verifyACCOUNTDELETEDAndClickContinueButton" time="0.0" classname="org.inar.automationexercise.TestCase_15">
    <skipped/>
  </testcase> <!-- verifyACCOUNTDELETEDAndClickContinueButton -->
  <testcase name="verifyHomePageIsVisible" time="0.0" classname="org.inar.automationexercise.TestCase_16">
    <skipped/>
  </testcase> <!-- verifyHomePageIsVisible -->
  <testcase name="goToLoginSingUpPage" time="0.0" classname="org.inar.automationexercise.TestCase_16">
    <skipped/>
  </testcase> <!-- goToLoginSingUpPage -->
  <testcase name="verifyThatLoggedInAsUsernameIsVisible" time="0.0" classname="org.inar.automationexercise.TestCase_16">
    <skipped/>
  </testcase> <!-- verifyThatLoggedInAsUsernameIsVisible -->
  <testcase name="verifyThatCartPageIsDisplayed" time="0.0" classname="org.inar.automationexercise.TestCase_16">
    <skipped/>
  </testcase> <!-- verifyThatCartPageIsDisplayed -->
  <testcase name="verifyAddressDetailsAndReviewYourOrder" time="0.0" classname="org.inar.automationexercise.TestCase_16">
    <skipped/>
  </testcase> <!-- verifyAddressDetailsAndReviewYourOrder -->
  <testcase name="verifySuccessMessageOurOrderHasBeenPlacedSuccessfully" time="0.0" classname="org.inar.automationexercise.TestCase_16">
    <skipped/>
  </testcase> <!-- verifySuccessMessageOurOrderHasBeenPlacedSuccessfully -->
  <testcase name="verifyACCOUNTDELETEDAndClickContinueButton" time="0.0" classname="org.inar.automationexercise.TestCase_16">
    <skipped/>
  </testcase> <!-- verifyACCOUNTDELETEDAndClickContinueButton -->
  <testcase name="verifyHomePageIsVisible" time="0.0" classname="org.inar.automationexercise.TestCase_17">
    <skipped/>
  </testcase> <!-- verifyHomePageIsVisible -->
  <testcase name="verifyThatCartPageIsDisplayed" time="0.0" classname="org.inar.automationexercise.TestCase_17">
    <skipped/>
  </testcase> <!-- verifyThatCartPageIsDisplayed -->
  <testcase name="verifyThatProductIsRemovedFromTheCart" time="0.0" classname="org.inar.automationexercise.TestCase_17">
    <skipped/>
  </testcase> <!-- verifyThatProductIsRemovedFromTheCart -->
  <testcase name="verifyHomePageIsVisible" time="0.0" classname="org.inar.automationexercise.TestCase_18">
    <skipped/>
  </testcase> <!-- verifyHomePageIsVisible -->
  <testcase name="verifyThatCategoriesAreVisibleOnLeftSideBar" time="0.0" classname="org.inar.automationexercise.TestCase_18">
    <skipped/>
  </testcase> <!-- verifyThatCategoriesAreVisibleOnLeftSideBar -->
  <testcase name="verifyThatCategoryPageIsDisplayedAndConfirmTextWOMEN_DRESS_PRODUCTS" time="0.0" classname="org.inar.automationexercise.TestCase_18">
    <skipped/>
  </testcase> <!-- verifyThatCategoryPageIsDisplayedAndConfirmTextWOMEN_DRESS_PRODUCTS -->
  <testcase name="verifyThatUserIsNavigatedToThatCategoryPage" time="0.0" classname="org.inar.automationexercise.TestCase_18">
    <skipped/>
  </testcase> <!-- verifyThatUserIsNavigatedToThatCategoryPage -->
  <testcase name="verifyHomePageIsVisible" time="0.0" classname="org.inar.automationexercise.TestCase_19">
    <skipped/>
  </testcase> <!-- verifyHomePageIsVisible -->
  <testcase name="verifyThatBrandsAreVisibleOnLeftSideBar" time="0.0" classname="org.inar.automationexercise.TestCase_19">
    <skipped/>
  </testcase> <!-- verifyThatBrandsAreVisibleOnLeftSideBar -->
  <testcase name="verifyThatUserIsNavigatedToBrandPageAndBrandProductsAreDisplayed" time="0.0" classname="org.inar.automationexercise.TestCase_19">
    <skipped/>
  </testcase> <!-- verifyThatUserIsNavigatedToBrandPageAndBrandProductsAreDisplayed -->
  <testcase name="verifyThatUserIsNavigatedToThatBrandPageAndCanSeeProducts" time="0.0" classname="org.inar.automationexercise.TestCase_19">
    <skipped/>
  </testcase> <!-- verifyThatUserIsNavigatedToThatBrandPageAndCanSeeProducts -->
  <testcase name="verifyHomePageIsVisible" time="0.0" classname="org.inar.automationexercise.TestCase_20">
    <skipped/>
  </testcase> <!-- verifyHomePageIsVisible -->
  <testcase name="verifyUserIsNavigatedToALLPRODUCTSPageSuccessfully" time="0.0" classname="org.inar.automationexercise.TestCase_20">
    <skipped/>
  </testcase> <!-- verifyUserIsNavigatedToALLPRODUCTSPageSuccessfully -->
  <testcase name="verifySEARCHEDPRODUCTSIsVisible" time="0.0" classname="org.inar.automationexercise.TestCase_20">
    <skipped/>
  </testcase> <!-- verifySEARCHEDPRODUCTSIsVisible -->
  <testcase name="verifyAllTheProductsRelatedToSearchAreVisible" time="0.0" classname="org.inar.automationexercise.TestCase_20">
    <skipped/>
  </testcase> <!-- verifyAllTheProductsRelatedToSearchAreVisible -->
  <testcase name="clickCartButtonAndVerifyThatProductsAreVisibleInCart" time="0.0" classname="org.inar.automationexercise.TestCase_20">
    <skipped/>
  </testcase> <!-- clickCartButtonAndVerifyThatProductsAreVisibleInCart -->
  <testcase name="verifyThatThoseProductsAreVisibleInCartAfterLoginAsWell" time="0.0" classname="org.inar.automationexercise.TestCase_20">
    <skipped/>
  </testcase> <!-- verifyThatThoseProductsAreVisibleInCartAfterLoginAsWell -->
  <testcase name="verifyHomePageIsVisible" time="0.0" classname="org.inar.automationexercise.TestCase_21">
    <skipped/>
  </testcase> <!-- verifyHomePageIsVisible -->
  <testcase name="verifyUserIsNavigatedToALLPRODUCTSPageSuccessfully" time="0.0" classname="org.inar.automationexercise.TestCase_21">
    <skipped/>
  </testcase> <!-- verifyUserIsNavigatedToALLPRODUCTSPageSuccessfully -->
  <testcase name="verifyWriteYourReviewIsVisible" time="0.0" classname="org.inar.automationexercise.TestCase_21">
    <skipped/>
  </testcase> <!-- verifyWriteYourReviewIsVisible -->
  <testcase name="verifySuccessMessageThankYouForYourReview" time="0.0" classname="org.inar.automationexercise.TestCase_21">
    <skipped/>
  </testcase> <!-- verifySuccessMessageThankYouForYourReview -->
  <testcase name="verifyHomePageIsVisible" time="0.0" classname="org.inar.automationexercise.TestCase_22">
    <skipped/>
  </testcase> <!-- verifyHomePageIsVisible -->
  <testcase name="verifyRECOMMENDEDITEMSAreVisible" time="0.0" classname="org.inar.automationexercise.TestCase_22">
    <skipped/>
  </testcase> <!-- verifyRECOMMENDEDITEMSAreVisible -->
  <testcase name="clickOnViewCartButton" time="0.0" classname="org.inar.automationexercise.TestCase_22">
    <skipped/>
  </testcase> <!-- clickOnViewCartButton -->
  <testcase name="verifyHomePageIsVisible" time="0.0" classname="org.inar.automationexercise.TestCase_23">
    <skipped/>
  </testcase> <!-- verifyHomePageIsVisible -->
  <testcase name="verifyNewUserSignupVisible" time="0.0" classname="org.inar.automationexercise.TestCase_23">
    <skipped/>
  </testcase> <!-- verifyNewUserSignupVisible -->
  <testcase name="verifyThatEnterAccountInformationIsVisible" time="0.0" classname="org.inar.automationexercise.TestCase_23">
    <skipped/>
  </testcase> <!-- verifyThatEnterAccountInformationIsVisible -->
  <testcase name="verifyThatAccountCreatedIsVisible" time="0.0" classname="org.inar.automationexercise.TestCase_23">
    <skipped/>
  </testcase> <!-- verifyThatAccountCreatedIsVisible -->
  <testcase name="verifyThatLoggedInAsUsernameIsVisible" time="0.0" classname="org.inar.automationexercise.TestCase_23">
    <skipped/>
  </testcase> <!-- verifyThatLoggedInAsUsernameIsVisible -->
  <testcase name="verifyThatCartPageIsDisplayed" time="0.0" classname="org.inar.automationexercise.TestCase_23">
    <skipped/>
  </testcase> <!-- verifyThatCartPageIsDisplayed -->
  <testcase name="verifyAddressDetailsAndReviewYourOrder" time="0.0" classname="org.inar.automationexercise.TestCase_23">
    <skipped/>
  </testcase> <!-- verifyAddressDetailsAndReviewYourOrder -->
  <testcase name="verifySuccessMessageOurOrderHasBeenPlacedSuccessfully" time="0.0" classname="org.inar.automationexercise.TestCase_23">
    <skipped/>
  </testcase> <!-- verifySuccessMessageOurOrderHasBeenPlacedSuccessfully -->
  <testcase name="verifyACCOUNTDELETEDAndClickContinueButton" time="0.0" classname="org.inar.automationexercise.TestCase_23">
    <skipped/>
  </testcase> <!-- verifyACCOUNTDELETEDAndClickContinueButton -->
  <testcase name="verifyHomePageIsVisible" time="0.0" classname="org.inar.automationexercise.TestCase_24">
    <skipped/>
  </testcase> <!-- verifyHomePageIsVisible -->
  <testcase name="verifyThatCartPageIsDisplayed" time="0.0" classname="org.inar.automationexercise.TestCase_24">
    <skipped/>
  </testcase> <!-- verifyThatCartPageIsDisplayed -->
  <testcase name="verifyAccountCreatedAndClickContinueButton" time="0.0" classname="org.inar.automationexercise.TestCase_24">
    <skipped/>
  </testcase> <!-- verifyAccountCreatedAndClickContinueButton -->
  <testcase name="verifyLoggedInAsUsernameAtTop" time="0.0" classname="org.inar.automationexercise.TestCase_24">
    <skipped/>
  </testcase> <!-- verifyLoggedInAsUsernameAtTop -->
  <testcase name="verifyAddressDetailsAndReviewYourOrder" time="0.0" classname="org.inar.automationexercise.TestCase_24">
    <skipped/>
  </testcase> <!-- verifyAddressDetailsAndReviewYourOrder -->
  <testcase name="verifySuccessMessageOurOrderHasBeenPlacedSuccessfully" time="0.0" classname="org.inar.automationexercise.TestCase_24">
    <skipped/>
  </testcase> <!-- verifySuccessMessageOurOrderHasBeenPlacedSuccessfully -->
  <testcase name="clickDownloadInvoiceButtonAndVerifyInvoiceIsDownloadedSuccessfully" time="0.0" classname="org.inar.automationexercise.TestCase_24">
    <skipped/>
  </testcase> <!-- clickDownloadInvoiceButtonAndVerifyInvoiceIsDownloadedSuccessfully -->
  <testcase name="verifyACCOUNTDELETEDAndClickContinueButton" time="0.0" classname="org.inar.automationexercise.TestCase_24">
    <skipped/>
  </testcase> <!-- verifyACCOUNTDELETEDAndClickContinueButton -->
  <testcase name="verifyHomePageIsVisible" time="0.0" classname="org.inar.automationexercise.TestCase_25">
    <skipped/>
  </testcase> <!-- verifyHomePageIsVisible -->
  <testcase name="verifySUBSCRIPTIONIsVisible" time="0.0" classname="org.inar.automationexercise.TestCase_25">
    <skipped/>
  </testcase> <!-- verifySUBSCRIPTIONIsVisible -->
  <testcase name="verifyThatPageIsScrolledUpAndFullFledgedPracticeWebsiteForAutomationEngineersTextIsVisibleOnScreen" time="0.0" classname="org.inar.automationexercise.TestCase_25">
    <skipped/>
  </testcase> <!-- verifyThatPageIsScrolledUpAndFullFledgedPracticeWebsiteForAutomationEngineersTextIsVisibleOnScreen -->
  <testcase name="verifyHomePageIsVisible" time="0.0" classname="org.inar.automationexercise.TestCase_26">
    <skipped/>
  </testcase> <!-- verifyHomePageIsVisible -->
  <testcase name="verifySUBSCRIPTIONIsVisible" time="0.0" classname="org.inar.automationexercise.TestCase_26">
    <skipped/>
  </testcase> <!-- verifySUBSCRIPTIONIsVisible -->
  <testcase name="verifyThatPageIsScrolledUpAndFullFledgedPracticeWebsiteForAutomationEngineersTextIsVisibleOnScreen" time="0.0" classname="org.inar.automationexercise.TestCase_26">
    <skipped/>
  </testcase> <!-- verifyThatPageIsScrolledUpAndFullFledgedPracticeWebsiteForAutomationEngineersTextIsVisibleOnScreen -->
</testsuite> <!-- C:/Users/idris/Desktop/NewMaven/com.inar-academy-new-maven/Homework/src/test/java/org/inar/automationexercise -->
