<?xml version="1.0" encoding="UTF-8"?>
<testng-results skipped="0" failed="1" ignored="3" total="4" passed="0">
  <reporter-output>
  </reporter-output>
  <suite name="All Test Suite" duration-ms="6258" started-at="2023-01-09T09:38:12Z" finished-at="2023-01-09T09:38:18Z">
    <groups>
      <group name="ErrorHandling">
        <method signature="ErrorValidations.loginErrorValidation()[pri:0, instance:org.inaracademy.ErrorValidations@6fd02e5]" name="loginErrorValidation" class="org.inaracademy.ErrorValidations"/>
      </group> <!-- ErrorHandling -->
    </groups>
    <test name="Submit Order Test" duration-ms="2" started-at="2023-01-09T09:38:12Z" finished-at="2023-01-09T09:38:12Z">
    </test> <!-- Submit Order Test -->
    <test name="Error Validation Test" duration-ms="6258" started-at="2023-01-09T09:38:12Z" finished-at="2023-01-09T09:38:18Z">
      <class name="org.inaracademy.ErrorValidations">
        <test-method status="PASS" signature="launchApplication()[pri:0, instance:org.inaracademy.ErrorValidations@6fd02e5]" name="launchApplication" is-config="true" duration-ms="4899" started-at="2023-01-09T09:38:12Z" finished-at="2023-01-09T09:38:17Z">
          <reporter-output>
          </reporter-output>
        </test-method> <!-- launchApplication -->
        <test-method status="FAIL" signature="loginErrorValidation()[pri:0, instance:org.inaracademy.ErrorValidations@6fd02e5]" name="loginErrorValidation" duration-ms="1261" started-at="2023-01-09T09:38:17Z" finished-at="2023-01-09T09:38:18Z">
          <exception class="java.lang.AssertionError">
            <message>
              <![CDATA[expected [Incorrect email or password.] but found [Incorrect email or passwod.]]]>
            </message>
            <full-stacktrace>
              <![CDATA[java.lang.AssertionError: expected [Incorrect email or password.] but found [Incorrect email or passwod.]
at org.testng.Assert.fail(Assert.java:96)
at org.testng.Assert.failNotEquals(Assert.java:776)
at org.testng.Assert.assertEqualsImpl(Assert.java:137)
at org.testng.Assert.assertEquals(Assert.java:118)
at org.testng.Assert.assertEquals(Assert.java:453)
at org.testng.Assert.assertEquals(Assert.java:463)
at org.inaracademy.ErrorValidations.loginErrorValidation(ErrorValidations.java:17)
at sun.reflect.NativeMethodAccessorImpl.invoke0(Native Method)
at sun.reflect.NativeMethodAccessorImpl.invoke(NativeMethodAccessorImpl.java:62)
at sun.reflect.DelegatingMethodAccessorImpl.invoke(DelegatingMethodAccessorImpl.java:43)
at java.lang.reflect.Method.invoke(Method.java:498)
at org.testng.internal.MethodInvocationHelper.invokeMethod(MethodInvocationHelper.java:124)
at org.testng.internal.Invoker.invokeMethod(Invoker.java:583)
at org.testng.internal.Invoker.invokeTestMethod(Invoker.java:719)
at org.testng.internal.Invoker.invokeTestMethods(Invoker.java:989)
at org.testng.internal.TestMethodWorker.invokeTestMethods(TestMethodWorker.java:125)
at org.testng.internal.TestMethodWorker.run(TestMethodWorker.java:109)
at org.testng.TestRunner.privateRun(TestRunner.java:648)
at org.testng.TestRunner.run(TestRunner.java:505)
at org.testng.SuiteRunner.runTest(SuiteRunner.java:455)
at org.testng.SuiteRunner.access$000(SuiteRunner.java:40)
at org.testng.SuiteRunner$SuiteWorker.run(SuiteRunner.java:489)
at org.testng.internal.thread.ThreadUtil$1.call(ThreadUtil.java:52)
at java.util.concurrent.FutureTask.run(FutureTask.java:266)
at java.util.concurrent.ThreadPoolExecutor.runWorker(ThreadPoolExecutor.java:1149)
at java.util.concurrent.ThreadPoolExecutor$Worker.run(ThreadPoolExecutor.java:624)
at java.lang.Thread.run(Thread.java:748)
]]>
            </full-stacktrace>
          </exception> <!-- java.lang.AssertionError -->
          <reporter-output>
          </reporter-output>
        </test-method> <!-- loginErrorValidation -->
        <test-method status="PASS" signature="tearDown()[pri:0, instance:org.inaracademy.ErrorValidations@6fd02e5]" name="tearDown" is-config="true" duration-ms="73" started-at="2023-01-09T09:38:18Z" finished-at="2023-01-09T09:38:18Z">
          <reporter-output>
          </reporter-output>
        </test-method> <!-- tearDown -->
      </class> <!-- org.inaracademy.ErrorValidations -->
    </test> <!-- Error Validation Test -->
  </suite> <!-- All Test Suite -->
</testng-results>
